<?xml version="1.0" encoding="UTF-8"?>
<testng-results ignored="0" total="2" passed="2" failed="0" skipped="0">
  <reporter-output>
  </reporter-output>
  <suite started-at="2022-05-25T20:16:54 IST" name="Suite" finished-at="2022-05-25T20:17:06 IST" duration-ms="12033">
    <groups>
    </groups>
    <test started-at="2022-05-25T20:16:54 IST" name="Test" finished-at="2022-05-25T20:17:06 IST" duration-ms="12033">
      <class name="com.automation.testcases.LoginTest">
        <test-method is-config="true" signature="SuitSetup()[pri:0, instance:com.automation.testcases.LoginTest@2e005c4b]" started-at="2022-05-25T20:16:53 IST" name="SuitSetup" finished-at="2022-05-25T20:16:54 IST" duration-ms="723" status="PASS">
          <reporter-output>
          </reporter-output>
        </test-method> <!-- SuitSetup -->
        <test-method is-config="true" signature="setup()[pri:0, instance:com.automation.testcases.LoginTest@2e005c4b]" started-at="2022-05-25T20:16:54 IST" name="setup" finished-at="2022-05-25T20:16:58 IST" duration-ms="3635" status="PASS">
          <reporter-output>
          </reporter-output>
        </test-method> <!-- setup -->
        <test-method signature="loginApp()[pri:1, instance:com.automation.testcases.LoginTest@2e005c4b]" started-at="2022-05-25T20:16:58 IST" name="loginApp" finished-at="2022-05-25T20:16:58 IST" duration-ms="371" status="PASS">
          <reporter-output>
          </reporter-output>
        </test-method> <!-- loginApp -->
        <test-method is-config="true" signature="tearDownMethod(org.testng.ITestResult)[pri:0, instance:com.automation.testcases.LoginTest@2e005c4b]" started-at="2022-05-25T20:16:58 IST" name="tearDownMethod" finished-at="2022-05-25T20:17:05 IST" duration-ms="6919" status="PASS">
          <params>
            <param index="0">
              <value>
                <![CDATA[[TestResult name=loginApp status=SUCCESS method=LoginTest.loginApp()[pri:1, instance:com.automation.testcases.LoginTest@2e005c4b] output={null}]]]>
              </value>
            </param>
          </params>
          <reporter-output>
          </reporter-output>
        </test-method> <!-- tearDownMethod -->
        <test-method signature="loginApps()[pri:2, instance:com.automation.testcases.LoginTest@2e005c4b]" started-at="2022-05-25T20:17:05 IST" name="loginApps" finished-at="2022-05-25T20:17:05 IST" duration-ms="2" status="PASS">
          <reporter-output>
          </reporter-output>
        </test-method> <!-- loginApps -->
        <test-method is-config="true" signature="tearDownMethod(org.testng.ITestResult)[pri:0, instance:com.automation.testcases.LoginTest@2e005c4b]" started-at="2022-05-25T20:17:05 IST" name="tearDownMethod" finished-at="2022-05-25T20:17:06 IST" duration-ms="627" status="PASS">
          <params>
            <param index="0">
              <value>
                <![CDATA[[TestResult name=loginApps status=SUCCESS method=LoginTest.loginApps()[pri:2, instance:com.automation.testcases.LoginTest@2e005c4b] output={null}]]]>
              </value>
            </param>
          </params>
          <reporter-output>
          </reporter-output>
        </test-method> <!-- tearDownMethod -->
        <test-method is-config="true" signature="teardown()[pri:0, instance:com.automation.testcases.LoginTest@2e005c4b]" started-at="2022-05-25T20:17:06 IST" name="teardown" finished-at="2022-05-25T20:17:06 IST" duration-ms="384" status="PASS">
          <reporter-output>
          </reporter-output>
        </test-method> <!-- teardown -->
      </class> <!-- com.automation.testcases.LoginTest -->
    </test> <!-- Test -->
  </suite> <!-- Suite -->
</testng-results>
